Copyright 1986-2019 Xilinx, Inc. All Rights Reserved.
---------------------------------------------------------------------------------------------
| Tool Version : Vivado v.2019.1 (win64) Build 2552052 Fri May 24 14:49:42 MDT 2019
| Date         : Sun Jul 11 18:47:48 2021
| Host         : Nick running 64-bit major release  (build 9200)
| Command      : report_control_sets -verbose -file design_1_wrapper_control_sets_placed.rpt
| Design       : design_1_wrapper
| Device       : xc7vx485t
---------------------------------------------------------------------------------------------

Control Set Information

Table of Contents
-----------------
1. Summary
2. Histogram
3. Flip-Flop Distribution
4. Detailed Control Set Information

1. Summary
----------

+----------------------------------------------------------+-------+
|                          Status                          | Count |
+----------------------------------------------------------+-------+
| Total control sets                                       |   181 |
|    Minimum number of control sets                        |   181 |
|    Addition due to synthesis replication                 |     0 |
|    Addition due to physical synthesis replication        |     0 |
| Unused register locations in slices containing registers |   297 |
+----------------------------------------------------------+-------+
* Control sets can be merged at opt_design using control_set_merge or merge_equivalent_drivers
** Run report_qor_suggestions for automated merging and remapping suggestions


2. Histogram
------------

+--------------------+-------+
|       Fanout       | Count |
+--------------------+-------+
| Total control sets |   181 |
| >= 0 to < 4        |    14 |
| >= 4 to < 6        |    17 |
| >= 6 to < 8        |     4 |
| >= 8 to < 10       |    93 |
| >= 10 to < 12      |     2 |
| >= 12 to < 14      |     5 |
| >= 14 to < 16      |     0 |
| >= 16              |    46 |
+--------------------+-------+
* Control sets can be remapped at either synth_design or opt_design


3. Flip-Flop Distribution
-------------------------

+--------------+-----------------------+------------------------+-----------------+--------------+
| Clock Enable | Synchronous Set/Reset | Asynchronous Set/Reset | Total Registers | Total Slices |
+--------------+-----------------------+------------------------+-----------------+--------------+
| No           | No                    | No                     |             767 |          247 |
| No           | No                    | Yes                    |              30 |           10 |
| No           | Yes                   | No                     |             292 |          117 |
| Yes          | No                    | No                     |            1327 |          410 |
| Yes          | No                    | Yes                    |              15 |            8 |
| Yes          | Yes                   | No                     |            1360 |          450 |
+--------------+-----------------------+------------------------+-----------------+--------------+


4. Detailed Control Set Information
-----------------------------------

+----------------------------------------------------------------+------------------------------------------------------------------------------------------------------------------------------------------------------------------------------------------------------------+------------------------------------------------------------------------------------------------------------------------------------------------+------------------+----------------+
|                          Clock Signal                          |                                                                                                Enable Signal                                                                                               |                                                                Set/Reset Signal                                                                | Slice Load Count | Bel Load Count |
+----------------------------------------------------------------+------------------------------------------------------------------------------------------------------------------------------------------------------------------------------------------------------------+------------------------------------------------------------------------------------------------------------------------------------------------+------------------+----------------+
|  design_1_i/mdm_1/U0/Use_E2.BSCAN_I/Ext_JTAG_UPDATE            |                                                                                                                                                                                                            | design_1_i/mdm_1/U0/MDM_Core_I1/JTAG_CONTROL_I/Use_BSCAN.FDC_I/data_cmd_reset6_out                                                             |                1 |              1 |
| ~design_1_i/mdm_1/U0/Use_E2.BSCAN_I/Ext_JTAG_UPDATE            |                                                                                                                                                                                                            | design_1_i/mdm_1/U0/MDM_Core_I1/JTAG_CONTROL_I/sel_n                                                                                           |                1 |              1 |
|  design_1_i/clk_wiz_1/inst/clk_out1                            |                                                                                                                                                                                                            | design_1_i/microblaze_0/U0/MicroBlaze_Core_I/Performance.Core/Use_Debug_Logic.Master_Core.Debug_Perf/capture_1                                 |                1 |              1 |
|  design_1_i/mdm_1/U0/Use_E2.BSCAN_I/Ext_JTAG_UPDATE            | design_1_i/microblaze_0/U0/MicroBlaze_Core_I/Performance.Core/Use_Debug_Logic.Master_Core.Debug_Perf/Control_Reg_En                                                                                        | design_1_i/microblaze_0/U0/MicroBlaze_Core_I/Performance.Core/Use_Debug_Logic.Master_Core.Debug_Perf/Serial_Dbg_Intf.force_stop_cmd_i_reg_0    |                1 |              1 |
|  design_1_i/mdm_1/U0/Use_E2.BSCAN_I/Ext_JTAG_UPDATE            | design_1_i/microblaze_0/U0/MicroBlaze_Core_I/Performance.Core/Use_Debug_Logic.Master_Core.Debug_Perf/Control_Reg_En                                                                                        | design_1_i/microblaze_0/U0/MicroBlaze_Core_I/Performance.Core/Use_Debug_Logic.Master_Core.Debug_Perf/Serial_Dbg_Intf.continue_from_brk_reg_n_0 |                1 |              1 |
|  design_1_i/mdm_1/U0/Use_E2.BSCAN_I/Ext_JTAG_UPDATE            | design_1_i/microblaze_0/U0/MicroBlaze_Core_I/Performance.Core/Use_Debug_Logic.Master_Core.Debug_Perf/Control_Reg_En                                                                                        | design_1_i/microblaze_0/U0/MicroBlaze_Core_I/Performance.Core/Use_Debug_Logic.Master_Core.Debug_Perf/Serial_Dbg_Intf.normal_stop_cmd_i_reg_n_0 |                1 |              1 |
| ~design_1_i/mdm_1/U0/No_Dbg_Reg_Access.BUFG_DRCK/Ext_JTAG_DRCK | design_1_i/mdm_1/U0/MDM_Core_I1/JTAG_CONTROL_I/Use_BSCAN.FDC_I/CE                                                                                                                                          | design_1_i/mdm_1/U0/MDM_Core_I1/JTAG_CONTROL_I/Use_BSCAN.FDC_I/D_2                                                                             |                1 |              1 |
|  design_1_i/mdm_1/U0/No_Dbg_Reg_Access.BUFG_DRCK/Ext_JTAG_DRCK | design_1_i/mdm_1/U0/Use_E2.BSCAN_I/Use_BSCAN.PORT_Selector_reg[0]                                                                                                                                          | design_1_i/mdm_1/U0/MDM_Core_I1/JTAG_CONTROL_I/sel_with_scan_reset24_out                                                                       |                1 |              1 |
|  design_1_i/mdm_1/U0/Use_E2.BSCAN_I/Ext_JTAG_UPDATE            | design_1_i/microblaze_0/U0/MicroBlaze_Core_I/Performance.Core/Use_Debug_Logic.Master_Core.Debug_Perf/Control_Reg_En                                                                                        | design_1_i/microblaze_0/U0/MicroBlaze_Core_I/Performance.Core/Use_Debug_Logic.Master_Core.Debug_Perf/start_single_step_reg_n_0                 |                1 |              1 |
|  design_1_i/mdm_1/U0/Use_E2.BSCAN_I/Ext_JTAG_UPDATE            | design_1_i/microblaze_0/U0/MicroBlaze_Core_I/Performance.Core/Use_Debug_Logic.Master_Core.Debug_Perf/Command_Reg_En                                                                                        | design_1_i/microblaze_0/U0/MicroBlaze_Core_I/Performance.Core/Use_Debug_Logic.Master_Core.Debug_Perf/command_reg_clear                         |                1 |              2 |
|  design_1_i/mdm_1/U0/Use_E2.BSCAN_I/Ext_JTAG_UPDATE            | design_1_i/mdm_1/U0/MDM_Core_I1/JTAG_CONTROL_I/Use_BSCAN.FDC_I/Debug_Rst_i0                                                                                                                                |                                                                                                                                                |                1 |              2 |
|  design_1_i/mdm_1/U0/Use_E2.BSCAN_I/Ext_JTAG_UPDATE            |                                                                                                                                                                                                            |                                                                                                                                                |                2 |              2 |
|  design_1_i/clk_wiz_1/inst/clk_out1                            | design_1_i/microblaze_0/U0/MicroBlaze_Core_I/Performance.Core/Decode_I/Use_MuxCy[11].OF_Piperun_Stage/MUXCY_I/of_pause_reg                                                                                 |                                                                                                                                                |                1 |              2 |
|  design_1_i/clk_wiz_1/inst/clk_out1                            |                                                                                                                                                                                                            | design_1_i/mdm_1/U0/MDM_Core_I1/S_AXI_ARESETN_0                                                                                                |                2 |              3 |
| ~design_1_i/mdm_1/U0/Use_E2.BSCAN_I/Ext_JTAG_UPDATE            |                                                                                                                                                                                                            | design_1_i/mdm_1/U0/Use_E2.BSCAN_I/AR[0]                                                                                                       |                1 |              4 |
|  design_1_i/mdm_1/U0/Use_E2.BSCAN_I/Ext_JTAG_UPDATE            | design_1_i/mdm_1/U0/MDM_Core_I1/MDM_SEL                                                                                                                                                                    | design_1_i/mdm_1/U0/Use_E2.BSCAN_I/AR[0]                                                                                                       |                1 |              4 |
|  design_1_i/mdm_1/U0/Use_E2.BSCAN_I/Ext_JTAG_UPDATE            | design_1_i/microblaze_0/U0/MicroBlaze_Core_I/Performance.Core/Use_Debug_Logic.Master_Core.Debug_Perf/Control_Reg_En                                                                                        |                                                                                                                                                |                1 |              4 |
|  design_1_i/clk_wiz_1/inst/clk_out1                            | design_1_i/edgeDetection4_0/U0/edgeDetection4_v1_0_S00_AXI_inst/filter/crc_encoder/i[3]_i_2_n_0                                                                                                            | design_1_i/edgeDetection4_0/U0/edgeDetection4_v1_0_S00_AXI_inst/filter/crc_encoder/i[3]_i_1_n_0                                                |                1 |              4 |
|  design_1_i/clk_wiz_1/inst/clk_out1                            | design_1_i/mdm_1/U0/MDM_Core_I1/JTAG_CONTROL_I/Use_UART.TX_FIFO_I/data_Exists_I_reg_0                                                                                                                      | design_1_i/mdm_1/U0/MDM_Core_I1/Use_Uart.reset_TX_FIFO_reg_n_0                                                                                 |                1 |              4 |
|  design_1_i/clk_wiz_1/inst/clk_out1                            | design_1_i/edgeDetection_0/U0/edgeDetection_v1_0_S00_AXI_inst/filter/crc_encoder/i[3]_i_2_n_0                                                                                                              | design_1_i/edgeDetection_0/U0/edgeDetection_v1_0_S00_AXI_inst/filter/crc_encoder/i[3]_i_1_n_0                                                  |                1 |              4 |
|  design_1_i/clk_wiz_1/inst/clk_out1                            | design_1_i/edgeDetection_0/U0/edgeDetection_v1_0_S00_AXI_inst/filter/crc_encoder/k[3]_i_2_n_0                                                                                                              | design_1_i/edgeDetection_0/U0/edgeDetection_v1_0_S00_AXI_inst/filter/crc_encoder/k[3]_i_1_n_0                                                  |                1 |              4 |
|  design_1_i/mdm_1/U0/No_Dbg_Reg_Access.BUFG_DRCK/Ext_JTAG_DRCK | design_1_i/mdm_1/U0/MDM_Core_I1/p_5_out                                                                                                                                                                    | design_1_i/mdm_1/U0/Use_E2.BSCAN_I/AR[0]                                                                                                       |                1 |              4 |
|  design_1_i/clk_wiz_1/inst/clk_out1                            | design_1_i/edgeDetection3_0/U0/edgeDetection3_v1_0_S00_AXI_inst/filter/crc_encoder/k[3]_i_2_n_0                                                                                                            | design_1_i/edgeDetection3_0/U0/edgeDetection3_v1_0_S00_AXI_inst/filter/crc_encoder/k[3]_i_1_n_0                                                |                2 |              4 |
|  design_1_i/clk_wiz_1/inst/clk_out1                            | design_1_i/edgeDetection3_0/U0/edgeDetection3_v1_0_S00_AXI_inst/filter/crc_encoder/i[3]_i_2_n_0                                                                                                            | design_1_i/edgeDetection3_0/U0/edgeDetection3_v1_0_S00_AXI_inst/filter/crc_encoder/i[3]_i_1_n_0                                                |                1 |              4 |
|  design_1_i/clk_wiz_1/inst/clk_out1                            | design_1_i/edgeDetection2_0/U0/edgeDetection2_v1_0_S00_AXI_inst/filter/crc_encoder/k[3]_i_2_n_0                                                                                                            | design_1_i/edgeDetection2_0/U0/edgeDetection2_v1_0_S00_AXI_inst/filter/crc_encoder/k[3]_i_1_n_0                                                |                1 |              4 |
|  design_1_i/clk_wiz_1/inst/clk_out1                            | design_1_i/mdm_1/U0/Use_AXI_IPIF.AXI_LITE_IPIF_I/I_SLAVE_ATTACHMENT/start2                                                                                                                                 | design_1_i/mdm_1/U0/Use_AXI_IPIF.AXI_LITE_IPIF_I/I_SLAVE_ATTACHMENT/I_DECODER/cs_ce_clr                                                        |                1 |              4 |
|  design_1_i/clk_wiz_1/inst/clk_out1                            | design_1_i/edgeDetection2_0/U0/edgeDetection2_v1_0_S00_AXI_inst/filter/crc_encoder/i[3]_i_2_n_0                                                                                                            | design_1_i/edgeDetection2_0/U0/edgeDetection2_v1_0_S00_AXI_inst/filter/crc_encoder/i[3]_i_1_n_0                                                |                1 |              4 |
|  design_1_i/clk_wiz_1/inst/clk_out1                            | design_1_i/edgeDetection4_0/U0/edgeDetection4_v1_0_S00_AXI_inst/filter/crc_encoder/k[3]_i_2_n_0                                                                                                            | design_1_i/edgeDetection4_0/U0/edgeDetection4_v1_0_S00_AXI_inst/filter/crc_encoder/k[3]_i_1_n_0                                                |                1 |              4 |
|  design_1_i/clk_wiz_1/inst/clk_out1                            | design_1_i/mdm_1/U0/MDM_Core_I1/JTAG_CONTROL_I/Use_UART.RX_FIFO_I/data_Exists_I_reg_0                                                                                                                      | design_1_i/mdm_1/U0/MDM_Core_I1/Use_Uart.reset_RX_FIFO_reg_n_0                                                                                 |                1 |              4 |
|  design_1_i/clk_wiz_1/inst/clk_out1                            |                                                                                                                                                                                                            | design_1_i/rst_clk_wiz_1_100M/U0/EXT_LPF/lpf_int                                                                                               |                1 |              5 |
|  design_1_i/clk_wiz_1/inst/clk_out1                            | design_1_i/microblaze_0/U0/MicroBlaze_Core_I/Performance.Core/Decode_I/wb_Halted                                                                                                                           | design_1_i/microblaze_0/U0/MicroBlaze_Core_I/sync_reset                                                                                        |                1 |              5 |
|  design_1_i/mdm_1/U0/No_Dbg_Reg_Access.BUFG_DRCK/Ext_JTAG_DRCK | design_1_i/mdm_1/U0/Use_E2.BSCAN_I/Use_BSCAN.command_reg[5][0]                                                                                                                                             |                                                                                                                                                |                3 |              6 |
|  design_1_i/mdm_1/U0/No_Dbg_Reg_Access.BUFG_DRCK/Ext_JTAG_DRCK | design_1_i/mdm_1/U0/MDM_Core_I1/JTAG_CONTROL_I/Use_BSCAN.FDC_I/Use_BSCAN.command_reg[6]_0[0]                                                                                                               |                                                                                                                                                |                1 |              6 |
|  design_1_i/mdm_1/U0/No_Dbg_Reg_Access.BUFG_DRCK/Ext_JTAG_DRCK | design_1_i/mdm_1/U0/Use_E2.BSCAN_I/Using_FPGA.Native[0]                                                                                                                                                    |                                                                                                                                                |                2 |              6 |
|  design_1_i/clk_wiz_1/inst/clk_out1                            | design_1_i/rst_clk_wiz_1_100M/U0/SEQ/seq_cnt_en                                                                                                                                                            | design_1_i/rst_clk_wiz_1_100M/U0/SEQ/SEQ_COUNTER/clear                                                                                         |                1 |              6 |
|  design_1_i/mdm_1/U0/No_Dbg_Reg_Access.BUFG_DRCK/Ext_JTAG_DRCK | design_1_i/mdm_1/U0/MDM_Core_I1/JTAG_CONTROL_I/Use_BSCAN.SYNC_FDRE/E[0]                                                                                                                                    |                                                                                                                                                |                1 |              8 |
|  design_1_i/clk_wiz_1/inst/clk_out1                            |                                                                                                                                                                                                            | design_1_i/edgeDetection_0/U0/edgeDetection_v1_0_S00_AXI_inst/rst                                                                              |                5 |              8 |
|  design_1_i/mdm_1/U0/No_Dbg_Reg_Access.BUFG_DRCK/Ext_JTAG_DRCK | design_1_i/mdm_1/U0/MDM_Core_I1/JTAG_CONTROL_I/tdi_shifter0                                                                                                                                                |                                                                                                                                                |                1 |              8 |
|  design_1_i/mdm_1/U0/No_Dbg_Reg_Access.BUFG_DRCK/Ext_JTAG_DRCK | design_1_i/mdm_1/U0/Use_E2.BSCAN_I/Use_E2.BSCANE2_I_0[0]                                                                                                                                                   |                                                                                                                                                |                3 |              8 |
|  design_1_i/mdm_1/U0/Use_E2.BSCAN_I/Ext_JTAG_UPDATE            | design_1_i/mdm_1/U0/MDM_Core_I1/JTAG_CONTROL_I/Use_BSCAN.FDC_I/Use_BSCAN.PORT_Selector_reg[2][0]                                                                                                           |                                                                                                                                                |                1 |              8 |
| ~design_1_i/mdm_1/U0/Use_E2.BSCAN_I/Ext_JTAG_UPDATE            | design_1_i/mdm_1/U0/MDM_Core_I1/JTAG_CONTROL_I/Use_BSCAN.command[0]_i_1_n_0                                                                                                                                |                                                                                                                                                |                2 |              8 |
|  design_1_i/clk_wiz_1/inst/clk_out1                            |                                                                                                                                                                                                            | design_1_i/edgeDetection2_0/U0/edgeDetection2_v1_0_S00_AXI_inst/rst                                                                            |                3 |              8 |
|  design_1_i/clk_wiz_1/inst/clk_out1                            |                                                                                                                                                                                                            | design_1_i/edgeDetection4_0/U0/edgeDetection4_v1_0_S00_AXI_inst/rst                                                                            |                3 |              8 |
|  design_1_i/clk_wiz_1/inst/clk_out1                            |                                                                                                                                                                                                            | design_1_i/edgeDetection3_0/U0/edgeDetection3_v1_0_S00_AXI_inst/rst                                                                            |                3 |              8 |
|  design_1_i/clk_wiz_1/inst/clk_out1                            | design_1_i/edgeDetection_0/U0/edgeDetection_v1_0_S00_AXI_inst/p_1_in[15]                                                                                                                                   | design_1_i/edgeDetection_0/U0/edgeDetection_v1_0_S00_AXI_inst/axi_awready_i_1_n_0                                                              |                3 |              8 |
|  design_1_i/clk_wiz_1/inst/clk_out1                            | design_1_i/edgeDetection_0/U0/edgeDetection_v1_0_S00_AXI_inst/slv_reg1[23]_i_1_n_0                                                                                                                         | design_1_i/edgeDetection_0/U0/edgeDetection_v1_0_S00_AXI_inst/axi_awready_i_1_n_0                                                              |                4 |              8 |
|  design_1_i/clk_wiz_1/inst/clk_out1                            | design_1_i/edgeDetection_0/U0/edgeDetection_v1_0_S00_AXI_inst/p_1_in[7]                                                                                                                                    | design_1_i/edgeDetection_0/U0/edgeDetection_v1_0_S00_AXI_inst/axi_awready_i_1_n_0                                                              |                2 |              8 |
|  design_1_i/clk_wiz_1/inst/clk_out1                            | design_1_i/edgeDetection_0/U0/edgeDetection_v1_0_S00_AXI_inst/slv_reg1[7]_i_1_n_0                                                                                                                          | design_1_i/edgeDetection_0/U0/edgeDetection_v1_0_S00_AXI_inst/axi_awready_i_1_n_0                                                              |                3 |              8 |
|  design_1_i/clk_wiz_1/inst/clk_out1                            | design_1_i/edgeDetection_0/U0/edgeDetection_v1_0_S00_AXI_inst/slv_reg2[7]_i_1_n_0                                                                                                                          | design_1_i/edgeDetection_0/U0/edgeDetection_v1_0_S00_AXI_inst/axi_awready_i_1_n_0                                                              |                4 |              8 |
|  design_1_i/clk_wiz_1/inst/clk_out1                            | design_1_i/edgeDetection_0/U0/edgeDetection_v1_0_S00_AXI_inst/slv_reg2[15]_i_1_n_0                                                                                                                         | design_1_i/edgeDetection_0/U0/edgeDetection_v1_0_S00_AXI_inst/axi_awready_i_1_n_0                                                              |                3 |              8 |
|  design_1_i/clk_wiz_1/inst/clk_out1                            | design_1_i/edgeDetection_0/U0/edgeDetection_v1_0_S00_AXI_inst/slv_reg3[7]_i_1_n_0                                                                                                                          | design_1_i/edgeDetection_0/U0/edgeDetection_v1_0_S00_AXI_inst/axi_awready_i_1_n_0                                                              |                2 |              8 |
|  design_1_i/clk_wiz_1/inst/clk_out1                            | design_1_i/edgeDetection_0/U0/edgeDetection_v1_0_S00_AXI_inst/slv_reg3[15]_i_1_n_0                                                                                                                         | design_1_i/edgeDetection_0/U0/edgeDetection_v1_0_S00_AXI_inst/axi_awready_i_1_n_0                                                              |                3 |              8 |
|  design_1_i/clk_wiz_1/inst/clk_out1                            | design_1_i/edgeDetection_0/U0/edgeDetection_v1_0_S00_AXI_inst/slv_reg3[23]_i_1_n_0                                                                                                                         | design_1_i/edgeDetection_0/U0/edgeDetection_v1_0_S00_AXI_inst/axi_awready_i_1_n_0                                                              |                2 |              8 |
|  design_1_i/clk_wiz_1/inst/clk_out1                            | design_1_i/edgeDetection_0/U0/edgeDetection_v1_0_S00_AXI_inst/slv_reg1[15]_i_1_n_0                                                                                                                         | design_1_i/edgeDetection_0/U0/edgeDetection_v1_0_S00_AXI_inst/axi_awready_i_1_n_0                                                              |                2 |              8 |
|  design_1_i/clk_wiz_1/inst/clk_out1                            | design_1_i/edgeDetection_0/U0/edgeDetection_v1_0_S00_AXI_inst/slv_reg2[31]_i_1_n_0                                                                                                                         | design_1_i/edgeDetection_0/U0/edgeDetection_v1_0_S00_AXI_inst/axi_awready_i_1_n_0                                                              |                2 |              8 |
|  design_1_i/clk_wiz_1/inst/clk_out1                            | design_1_i/edgeDetection_0/U0/edgeDetection_v1_0_S00_AXI_inst/slv_reg3[31]_i_1_n_0                                                                                                                         | design_1_i/edgeDetection_0/U0/edgeDetection_v1_0_S00_AXI_inst/axi_awready_i_1_n_0                                                              |                2 |              8 |
|  design_1_i/clk_wiz_1/inst/clk_out1                            | design_1_i/edgeDetection_0/U0/edgeDetection_v1_0_S00_AXI_inst/p_1_in[23]                                                                                                                                   | design_1_i/edgeDetection_0/U0/edgeDetection_v1_0_S00_AXI_inst/axi_awready_i_1_n_0                                                              |                2 |              8 |
|  design_1_i/clk_wiz_1/inst/clk_out1                            | design_1_i/edgeDetection_0/U0/edgeDetection_v1_0_S00_AXI_inst/slv_reg1[31]_i_1_n_0                                                                                                                         | design_1_i/edgeDetection_0/U0/edgeDetection_v1_0_S00_AXI_inst/axi_awready_i_1_n_0                                                              |                2 |              8 |
|  design_1_i/clk_wiz_1/inst/clk_out1                            | design_1_i/edgeDetection_0/U0/edgeDetection_v1_0_S00_AXI_inst/p_1_in[31]                                                                                                                                   | design_1_i/edgeDetection_0/U0/edgeDetection_v1_0_S00_AXI_inst/axi_awready_i_1_n_0                                                              |                1 |              8 |
|  design_1_i/clk_wiz_1/inst/clk_out1                            | design_1_i/edgeDetection_0/U0/edgeDetection_v1_0_S00_AXI_inst/slv_reg2[23]_i_1_n_0                                                                                                                         | design_1_i/edgeDetection_0/U0/edgeDetection_v1_0_S00_AXI_inst/axi_awready_i_1_n_0                                                              |                2 |              8 |
|  design_1_i/clk_wiz_1/inst/clk_out1                            | design_1_i/edgeDetection_0/U0/edgeDetection_v1_0_S00_AXI_inst/filter/crc_encoder/crc_out0                                                                                                                  |                                                                                                                                                |                1 |              8 |
|  design_1_i/clk_wiz_1/inst/clk_out1                            | design_1_i/edgeDetection_0/U0/edgeDetection_v1_0_S00_AXI_inst/filter/crc_encoder/x[7]_i_2_n_0                                                                                                              | design_1_i/edgeDetection_0/U0/edgeDetection_v1_0_S00_AXI_inst/filter/crc_encoder/x[7]_i_1_n_0                                                  |                2 |              8 |
|  design_1_i/clk_wiz_1/inst/clk_out1                            | design_1_i/edgeDetection2_0/U0/edgeDetection2_v1_0_S00_AXI_inst/slv_reg1[15]_i_1_n_0                                                                                                                       | design_1_i/edgeDetection2_0/U0/edgeDetection2_v1_0_S00_AXI_inst/axi_awready_i_1_n_0                                                            |                3 |              8 |
|  design_1_i/clk_wiz_1/inst/clk_out1                            | design_1_i/edgeDetection2_0/U0/edgeDetection2_v1_0_S00_AXI_inst/slv_reg1[31]_i_1_n_0                                                                                                                       | design_1_i/edgeDetection2_0/U0/edgeDetection2_v1_0_S00_AXI_inst/axi_awready_i_1_n_0                                                            |                2 |              8 |
|  design_1_i/clk_wiz_1/inst/clk_out1                            | design_1_i/edgeDetection2_0/U0/edgeDetection2_v1_0_S00_AXI_inst/slv_reg2[15]_i_1_n_0                                                                                                                       | design_1_i/edgeDetection2_0/U0/edgeDetection2_v1_0_S00_AXI_inst/axi_awready_i_1_n_0                                                            |                4 |              8 |
|  design_1_i/clk_wiz_1/inst/clk_out1                            | design_1_i/edgeDetection2_0/U0/edgeDetection2_v1_0_S00_AXI_inst/slv_reg2[7]_i_1_n_0                                                                                                                        | design_1_i/edgeDetection2_0/U0/edgeDetection2_v1_0_S00_AXI_inst/axi_awready_i_1_n_0                                                            |                2 |              8 |
|  design_1_i/clk_wiz_1/inst/clk_out1                            | design_1_i/edgeDetection2_0/U0/edgeDetection2_v1_0_S00_AXI_inst/slv_reg2[23]_i_1_n_0                                                                                                                       | design_1_i/edgeDetection2_0/U0/edgeDetection2_v1_0_S00_AXI_inst/axi_awready_i_1_n_0                                                            |                3 |              8 |
|  design_1_i/clk_wiz_1/inst/clk_out1                            | design_1_i/edgeDetection2_0/U0/edgeDetection2_v1_0_S00_AXI_inst/slv_reg3[15]_i_1_n_0                                                                                                                       | design_1_i/edgeDetection2_0/U0/edgeDetection2_v1_0_S00_AXI_inst/axi_awready_i_1_n_0                                                            |                2 |              8 |
|  design_1_i/clk_wiz_1/inst/clk_out1                            | design_1_i/edgeDetection2_0/U0/edgeDetection2_v1_0_S00_AXI_inst/slv_reg3[23]_i_1_n_0                                                                                                                       | design_1_i/edgeDetection2_0/U0/edgeDetection2_v1_0_S00_AXI_inst/axi_awready_i_1_n_0                                                            |                3 |              8 |
|  design_1_i/clk_wiz_1/inst/clk_out1                            | design_1_i/edgeDetection2_0/U0/edgeDetection2_v1_0_S00_AXI_inst/slv_reg3[7]_i_1_n_0                                                                                                                        | design_1_i/edgeDetection2_0/U0/edgeDetection2_v1_0_S00_AXI_inst/axi_awready_i_1_n_0                                                            |                4 |              8 |
|  design_1_i/clk_wiz_1/inst/clk_out1                            | design_1_i/edgeDetection2_0/U0/edgeDetection2_v1_0_S00_AXI_inst/slv_reg2[31]_i_1_n_0                                                                                                                       | design_1_i/edgeDetection2_0/U0/edgeDetection2_v1_0_S00_AXI_inst/axi_awready_i_1_n_0                                                            |                2 |              8 |
|  design_1_i/clk_wiz_1/inst/clk_out1                            | design_1_i/edgeDetection2_0/U0/edgeDetection2_v1_0_S00_AXI_inst/slv_reg3[31]_i_1_n_0                                                                                                                       | design_1_i/edgeDetection2_0/U0/edgeDetection2_v1_0_S00_AXI_inst/axi_awready_i_1_n_0                                                            |                2 |              8 |
|  design_1_i/clk_wiz_1/inst/clk_out1                            | design_1_i/edgeDetection2_0/U0/edgeDetection2_v1_0_S00_AXI_inst/slv_reg1[23]_i_1_n_0                                                                                                                       | design_1_i/edgeDetection2_0/U0/edgeDetection2_v1_0_S00_AXI_inst/axi_awready_i_1_n_0                                                            |                3 |              8 |
|  design_1_i/clk_wiz_1/inst/clk_out1                            | design_1_i/edgeDetection2_0/U0/edgeDetection2_v1_0_S00_AXI_inst/slv_reg1[7]_i_1_n_0                                                                                                                        | design_1_i/edgeDetection2_0/U0/edgeDetection2_v1_0_S00_AXI_inst/axi_awready_i_1_n_0                                                            |                3 |              8 |
|  design_1_i/clk_wiz_1/inst/clk_out1                            | design_1_i/edgeDetection2_0/U0/edgeDetection2_v1_0_S00_AXI_inst/p_1_in[31]                                                                                                                                 | design_1_i/edgeDetection2_0/U0/edgeDetection2_v1_0_S00_AXI_inst/axi_awready_i_1_n_0                                                            |                3 |              8 |
|  design_1_i/clk_wiz_1/inst/clk_out1                            | design_1_i/edgeDetection2_0/U0/edgeDetection2_v1_0_S00_AXI_inst/p_1_in[7]                                                                                                                                  | design_1_i/edgeDetection2_0/U0/edgeDetection2_v1_0_S00_AXI_inst/axi_awready_i_1_n_0                                                            |                3 |              8 |
|  design_1_i/clk_wiz_1/inst/clk_out1                            | design_1_i/edgeDetection2_0/U0/edgeDetection2_v1_0_S00_AXI_inst/p_1_in[15]                                                                                                                                 | design_1_i/edgeDetection2_0/U0/edgeDetection2_v1_0_S00_AXI_inst/axi_awready_i_1_n_0                                                            |                2 |              8 |
|  design_1_i/clk_wiz_1/inst/clk_out1                            | design_1_i/edgeDetection4_0/U0/edgeDetection4_v1_0_S00_AXI_inst/filter/square/U0/i_synth/i_synth/gen_sqrt.square_root/gen_rdy_int/CE26_out                                                                 |                                                                                                                                                |                3 |              8 |
|  design_1_i/clk_wiz_1/inst/clk_out1                            | design_1_i/edgeDetection4_0/U0/edgeDetection4_v1_0_S00_AXI_inst/filter/pixel[7]_i_1_n_0                                                                                                                    |                                                                                                                                                |                4 |              8 |
|  design_1_i/clk_wiz_1/inst/clk_out1                            | design_1_i/edgeDetection4_0/U0/edgeDetection4_v1_0_S00_AXI_inst/slv_reg1[31]_i_1_n_0                                                                                                                       | design_1_i/edgeDetection4_0/U0/edgeDetection4_v1_0_S00_AXI_inst/axi_awready_i_1_n_0                                                            |                2 |              8 |
|  design_1_i/clk_wiz_1/inst/clk_out1                            | design_1_i/edgeDetection4_0/U0/edgeDetection4_v1_0_S00_AXI_inst/slv_reg3[31]_i_1_n_0                                                                                                                       | design_1_i/edgeDetection4_0/U0/edgeDetection4_v1_0_S00_AXI_inst/axi_awready_i_1_n_0                                                            |                3 |              8 |
|  design_1_i/clk_wiz_1/inst/clk_out1                            | design_1_i/edgeDetection4_0/U0/edgeDetection4_v1_0_S00_AXI_inst/slv_reg1[23]_i_1_n_0                                                                                                                       | design_1_i/edgeDetection4_0/U0/edgeDetection4_v1_0_S00_AXI_inst/axi_awready_i_1_n_0                                                            |                2 |              8 |
|  design_1_i/clk_wiz_1/inst/clk_out1                            | design_1_i/edgeDetection4_0/U0/edgeDetection4_v1_0_S00_AXI_inst/slv_reg1[7]_i_1_n_0                                                                                                                        | design_1_i/edgeDetection4_0/U0/edgeDetection4_v1_0_S00_AXI_inst/axi_awready_i_1_n_0                                                            |                4 |              8 |
|  design_1_i/clk_wiz_1/inst/clk_out1                            | design_1_i/edgeDetection4_0/U0/edgeDetection4_v1_0_S00_AXI_inst/slv_reg2[23]_i_1_n_0                                                                                                                       | design_1_i/edgeDetection4_0/U0/edgeDetection4_v1_0_S00_AXI_inst/axi_awready_i_1_n_0                                                            |                2 |              8 |
|  design_1_i/clk_wiz_1/inst/clk_out1                            | design_1_i/edgeDetection4_0/U0/edgeDetection4_v1_0_S00_AXI_inst/slv_reg3[7]_i_1_n_0                                                                                                                        | design_1_i/edgeDetection4_0/U0/edgeDetection4_v1_0_S00_AXI_inst/axi_awready_i_1_n_0                                                            |                2 |              8 |
|  design_1_i/clk_wiz_1/inst/clk_out1                            | design_1_i/edgeDetection4_0/U0/edgeDetection4_v1_0_S00_AXI_inst/slv_reg2[15]_i_1_n_0                                                                                                                       | design_1_i/edgeDetection4_0/U0/edgeDetection4_v1_0_S00_AXI_inst/axi_awready_i_1_n_0                                                            |                2 |              8 |
|  design_1_i/clk_wiz_1/inst/clk_out1                            | design_1_i/edgeDetection4_0/U0/edgeDetection4_v1_0_S00_AXI_inst/slv_reg2[7]_i_1_n_0                                                                                                                        | design_1_i/edgeDetection4_0/U0/edgeDetection4_v1_0_S00_AXI_inst/axi_awready_i_1_n_0                                                            |                2 |              8 |
|  design_1_i/clk_wiz_1/inst/clk_out1                            | design_1_i/edgeDetection4_0/U0/edgeDetection4_v1_0_S00_AXI_inst/p_1_in[7]                                                                                                                                  | design_1_i/edgeDetection4_0/U0/edgeDetection4_v1_0_S00_AXI_inst/axi_awready_i_1_n_0                                                            |                4 |              8 |
|  design_1_i/clk_wiz_1/inst/clk_out1                            | design_1_i/edgeDetection4_0/U0/edgeDetection4_v1_0_S00_AXI_inst/p_1_in[15]                                                                                                                                 | design_1_i/edgeDetection4_0/U0/edgeDetection4_v1_0_S00_AXI_inst/axi_awready_i_1_n_0                                                            |                3 |              8 |
|  design_1_i/clk_wiz_1/inst/clk_out1                            | design_1_i/edgeDetection4_0/U0/edgeDetection4_v1_0_S00_AXI_inst/p_1_in[23]                                                                                                                                 | design_1_i/edgeDetection4_0/U0/edgeDetection4_v1_0_S00_AXI_inst/axi_awready_i_1_n_0                                                            |                3 |              8 |
|  design_1_i/clk_wiz_1/inst/clk_out1                            | design_1_i/edgeDetection2_0/U0/edgeDetection2_v1_0_S00_AXI_inst/p_1_in[23]                                                                                                                                 | design_1_i/edgeDetection2_0/U0/edgeDetection2_v1_0_S00_AXI_inst/axi_awready_i_1_n_0                                                            |                3 |              8 |
|  design_1_i/clk_wiz_1/inst/clk_out1                            | design_1_i/edgeDetection4_0/U0/edgeDetection4_v1_0_S00_AXI_inst/slv_reg1[15]_i_1_n_0                                                                                                                       | design_1_i/edgeDetection4_0/U0/edgeDetection4_v1_0_S00_AXI_inst/axi_awready_i_1_n_0                                                            |                4 |              8 |
|  design_1_i/clk_wiz_1/inst/clk_out1                            | design_1_i/edgeDetection4_0/U0/edgeDetection4_v1_0_S00_AXI_inst/slv_reg3[15]_i_1_n_0                                                                                                                       | design_1_i/edgeDetection4_0/U0/edgeDetection4_v1_0_S00_AXI_inst/axi_awready_i_1_n_0                                                            |                1 |              8 |
|  design_1_i/clk_wiz_1/inst/clk_out1                            | design_1_i/edgeDetection4_0/U0/edgeDetection4_v1_0_S00_AXI_inst/slv_reg3[23]_i_1_n_0                                                                                                                       | design_1_i/edgeDetection4_0/U0/edgeDetection4_v1_0_S00_AXI_inst/axi_awready_i_1_n_0                                                            |                2 |              8 |
|  design_1_i/clk_wiz_1/inst/clk_out1                            | design_1_i/edgeDetection4_0/U0/edgeDetection4_v1_0_S00_AXI_inst/slv_reg2[31]_i_1_n_0                                                                                                                       | design_1_i/edgeDetection4_0/U0/edgeDetection4_v1_0_S00_AXI_inst/axi_awready_i_1_n_0                                                            |                2 |              8 |
|  design_1_i/clk_wiz_1/inst/clk_out1                            | design_1_i/edgeDetection4_0/U0/edgeDetection4_v1_0_S00_AXI_inst/filter/crc_encoder/crc_out0                                                                                                                |                                                                                                                                                |                4 |              8 |
|  design_1_i/clk_wiz_1/inst/clk_out1                            | design_1_i/edgeDetection4_0/U0/edgeDetection4_v1_0_S00_AXI_inst/filter/crc_encoder/x[7]_i_2_n_0                                                                                                            | design_1_i/edgeDetection4_0/U0/edgeDetection4_v1_0_S00_AXI_inst/filter/crc_encoder/x[7]_i_1_n_0                                                |                1 |              8 |
|  design_1_i/clk_wiz_1/inst/clk_out1                            | design_1_i/edgeDetection2_0/U0/edgeDetection2_v1_0_S00_AXI_inst/filter/square/U0/i_synth/i_synth/gen_sqrt.square_root/gen_rdy_int/CE26_out                                                                 |                                                                                                                                                |                4 |              8 |
|  design_1_i/clk_wiz_1/inst/clk_out1                            | design_1_i/edgeDetection2_0/U0/edgeDetection2_v1_0_S00_AXI_inst/filter/pixel[7]_i_1_n_0                                                                                                                    |                                                                                                                                                |                1 |              8 |
|  design_1_i/clk_wiz_1/inst/clk_out1                            | design_1_i/edgeDetection2_0/U0/edgeDetection2_v1_0_S00_AXI_inst/filter/crc_encoder/crc_out0                                                                                                                |                                                                                                                                                |                2 |              8 |
|  design_1_i/clk_wiz_1/inst/clk_out1                            | design_1_i/edgeDetection2_0/U0/edgeDetection2_v1_0_S00_AXI_inst/filter/crc_encoder/x[7]_i_2_n_0                                                                                                            | design_1_i/edgeDetection2_0/U0/edgeDetection2_v1_0_S00_AXI_inst/filter/crc_encoder/x[7]_i_1_n_0                                                |                2 |              8 |
|  design_1_i/clk_wiz_1/inst/clk_out1                            | design_1_i/mdm_1/U0/MDM_Core_I1/JTAG_CONTROL_I/Use_UART.RX_FIFO_I/Addr_Counters[2].FDRE_I/CI                                                                                                               |                                                                                                                                                |                3 |              8 |
|  design_1_i/clk_wiz_1/inst/clk_out1                            | design_1_i/edgeDetection4_0/U0/edgeDetection4_v1_0_S00_AXI_inst/p_1_in[31]                                                                                                                                 | design_1_i/edgeDetection4_0/U0/edgeDetection4_v1_0_S00_AXI_inst/axi_awready_i_1_n_0                                                            |                2 |              8 |
|  design_1_i/clk_wiz_1/inst/clk_out1                            | design_1_i/mdm_1/U0/MDM_Core_I1/JTAG_CONTROL_I/Use_UART.TX_FIFO_I/Addr_Counters[2].FDRE_I/CI                                                                                                               |                                                                                                                                                |                2 |              8 |
|  design_1_i/clk_wiz_1/inst/clk_out1                            | design_1_i/mdm_1/U0/Use_AXI_IPIF.AXI_LITE_IPIF_I/I_SLAVE_ATTACHMENT/s_axi_rresp_i                                                                                                                          | design_1_i/mdm_1/U0/Use_AXI_IPIF.AXI_LITE_IPIF_I/I_SLAVE_ATTACHMENT/rst                                                                        |                3 |              8 |
|  design_1_i/clk_wiz_1/inst/clk_out1                            | design_1_i/edgeDetection3_0/U0/edgeDetection3_v1_0_S00_AXI_inst/filter/square/U0/i_synth/i_synth/gen_sqrt.square_root/gen_rdy_int/CE26_out                                                                 |                                                                                                                                                |                4 |              8 |
|  design_1_i/clk_wiz_1/inst/clk_out1                            | design_1_i/edgeDetection3_0/U0/edgeDetection3_v1_0_S00_AXI_inst/filter/pixel[7]_i_1_n_0                                                                                                                    |                                                                                                                                                |                1 |              8 |
|  design_1_i/clk_wiz_1/inst/clk_out1                            | design_1_i/edgeDetection3_0/U0/edgeDetection3_v1_0_S00_AXI_inst/slv_reg1[15]_i_1_n_0                                                                                                                       | design_1_i/edgeDetection3_0/U0/edgeDetection3_v1_0_S00_AXI_inst/axi_awready_i_1_n_0                                                            |                4 |              8 |
|  design_1_i/clk_wiz_1/inst/clk_out1                            | design_1_i/edgeDetection3_0/U0/edgeDetection3_v1_0_S00_AXI_inst/slv_reg1[7]_i_1_n_0                                                                                                                        | design_1_i/edgeDetection3_0/U0/edgeDetection3_v1_0_S00_AXI_inst/axi_awready_i_1_n_0                                                            |                2 |              8 |
|  design_1_i/clk_wiz_1/inst/clk_out1                            | design_1_i/edgeDetection3_0/U0/edgeDetection3_v1_0_S00_AXI_inst/slv_reg2[15]_i_1_n_0                                                                                                                       | design_1_i/edgeDetection3_0/U0/edgeDetection3_v1_0_S00_AXI_inst/axi_awready_i_1_n_0                                                            |                2 |              8 |
|  design_1_i/clk_wiz_1/inst/clk_out1                            | design_1_i/edgeDetection3_0/U0/edgeDetection3_v1_0_S00_AXI_inst/slv_reg1[23]_i_1_n_0                                                                                                                       | design_1_i/edgeDetection3_0/U0/edgeDetection3_v1_0_S00_AXI_inst/axi_awready_i_1_n_0                                                            |                2 |              8 |
|  design_1_i/clk_wiz_1/inst/clk_out1                            | design_1_i/edgeDetection3_0/U0/edgeDetection3_v1_0_S00_AXI_inst/slv_reg2[23]_i_1_n_0                                                                                                                       | design_1_i/edgeDetection3_0/U0/edgeDetection3_v1_0_S00_AXI_inst/axi_awready_i_1_n_0                                                            |                2 |              8 |
|  design_1_i/clk_wiz_1/inst/clk_out1                            | design_1_i/edgeDetection3_0/U0/edgeDetection3_v1_0_S00_AXI_inst/slv_reg2[31]_i_1_n_0                                                                                                                       | design_1_i/edgeDetection3_0/U0/edgeDetection3_v1_0_S00_AXI_inst/axi_awready_i_1_n_0                                                            |                2 |              8 |
|  design_1_i/clk_wiz_1/inst/clk_out1                            | design_1_i/edgeDetection3_0/U0/edgeDetection3_v1_0_S00_AXI_inst/slv_reg2[7]_i_1_n_0                                                                                                                        | design_1_i/edgeDetection3_0/U0/edgeDetection3_v1_0_S00_AXI_inst/axi_awready_i_1_n_0                                                            |                2 |              8 |
|  design_1_i/clk_wiz_1/inst/clk_out1                            | design_1_i/edgeDetection3_0/U0/edgeDetection3_v1_0_S00_AXI_inst/slv_reg3[15]_i_1_n_0                                                                                                                       | design_1_i/edgeDetection3_0/U0/edgeDetection3_v1_0_S00_AXI_inst/axi_awready_i_1_n_0                                                            |                2 |              8 |
|  design_1_i/clk_wiz_1/inst/clk_out1                            | design_1_i/edgeDetection3_0/U0/edgeDetection3_v1_0_S00_AXI_inst/slv_reg3[23]_i_1_n_0                                                                                                                       | design_1_i/edgeDetection3_0/U0/edgeDetection3_v1_0_S00_AXI_inst/axi_awready_i_1_n_0                                                            |                2 |              8 |
|  design_1_i/clk_wiz_1/inst/clk_out1                            | design_1_i/edgeDetection3_0/U0/edgeDetection3_v1_0_S00_AXI_inst/slv_reg3[31]_i_1_n_0                                                                                                                       | design_1_i/edgeDetection3_0/U0/edgeDetection3_v1_0_S00_AXI_inst/axi_awready_i_1_n_0                                                            |                2 |              8 |
|  design_1_i/clk_wiz_1/inst/clk_out1                            | design_1_i/edgeDetection3_0/U0/edgeDetection3_v1_0_S00_AXI_inst/slv_reg1[31]_i_1_n_0                                                                                                                       | design_1_i/edgeDetection3_0/U0/edgeDetection3_v1_0_S00_AXI_inst/axi_awready_i_1_n_0                                                            |                2 |              8 |
|  design_1_i/clk_wiz_1/inst/clk_out1                            | design_1_i/edgeDetection3_0/U0/edgeDetection3_v1_0_S00_AXI_inst/p_1_in[7]                                                                                                                                  | design_1_i/edgeDetection3_0/U0/edgeDetection3_v1_0_S00_AXI_inst/axi_awready_i_1_n_0                                                            |                2 |              8 |
|  design_1_i/clk_wiz_1/inst/clk_out1                            | design_1_i/edgeDetection3_0/U0/edgeDetection3_v1_0_S00_AXI_inst/p_1_in[31]                                                                                                                                 | design_1_i/edgeDetection3_0/U0/edgeDetection3_v1_0_S00_AXI_inst/axi_awready_i_1_n_0                                                            |                2 |              8 |
|  design_1_i/clk_wiz_1/inst/clk_out1                            | design_1_i/edgeDetection3_0/U0/edgeDetection3_v1_0_S00_AXI_inst/slv_reg3[7]_i_1_n_0                                                                                                                        | design_1_i/edgeDetection3_0/U0/edgeDetection3_v1_0_S00_AXI_inst/axi_awready_i_1_n_0                                                            |                2 |              8 |
|  design_1_i/clk_wiz_1/inst/clk_out1                            | design_1_i/edgeDetection3_0/U0/edgeDetection3_v1_0_S00_AXI_inst/p_1_in[23]                                                                                                                                 | design_1_i/edgeDetection3_0/U0/edgeDetection3_v1_0_S00_AXI_inst/axi_awready_i_1_n_0                                                            |                2 |              8 |
|  design_1_i/clk_wiz_1/inst/clk_out1                            | design_1_i/edgeDetection3_0/U0/edgeDetection3_v1_0_S00_AXI_inst/p_1_in[15]                                                                                                                                 | design_1_i/edgeDetection3_0/U0/edgeDetection3_v1_0_S00_AXI_inst/axi_awready_i_1_n_0                                                            |                2 |              8 |
|  design_1_i/clk_wiz_1/inst/clk_out1                            | design_1_i/edgeDetection3_0/U0/edgeDetection3_v1_0_S00_AXI_inst/filter/crc_encoder/crc_out0                                                                                                                |                                                                                                                                                |                1 |              8 |
|  design_1_i/clk_wiz_1/inst/clk_out1                            | design_1_i/edgeDetection3_0/U0/edgeDetection3_v1_0_S00_AXI_inst/filter/crc_encoder/x[7]_i_2_n_0                                                                                                            | design_1_i/edgeDetection3_0/U0/edgeDetection3_v1_0_S00_AXI_inst/filter/crc_encoder/x[7]_i_1_n_0                                                |                2 |              8 |
|  design_1_i/clk_wiz_1/inst/clk_out1                            | design_1_i/edgeDetection_0/U0/edgeDetection_v1_0_S00_AXI_inst/filter/square/U0/i_synth/i_synth/gen_sqrt.square_root/gen_rdy_int/CE26_out                                                                   |                                                                                                                                                |                2 |              8 |
|  design_1_i/clk_wiz_1/inst/clk_out1                            | design_1_i/edgeDetection_0/U0/edgeDetection_v1_0_S00_AXI_inst/filter/pixel[7]_i_1_n_0                                                                                                                      |                                                                                                                                                |                3 |              8 |
|  design_1_i/mdm_1/U0/No_Dbg_Reg_Access.BUFG_DRCK/Ext_JTAG_DRCK | design_1_i/microblaze_0/U0/MicroBlaze_Core_I/Performance.Core/Use_Debug_Logic.Master_Core.Debug_Perf/Using_PC_Breakpoints.All_PC_Brks[0].Serial_Interface_1.address_hit_I/Compare[0].SRLC16E_I/which_pc__0 |                                                                                                                                                |                7 |              8 |
|  design_1_i/mdm_1/U0/No_Dbg_Reg_Access.BUFG_DRCK/Ext_JTAG_DRCK | design_1_i/mdm_1/U0/MDM_Core_I1/JTAG_CONTROL_I/Use_BSCAN.FDC_I/E[0]                                                                                                                                        |                                                                                                                                                |                4 |             10 |
|  design_1_i/clk_wiz_1/inst/clk_out1                            |                                                                                                                                                                                                            | design_1_i/mdm_1/U0/Use_AXI_IPIF.AXI_LITE_IPIF_I/I_SLAVE_ATTACHMENT/rst                                                                        |                4 |             10 |
|  design_1_i/clk_wiz_1/inst/clk_out1                            |                                                                                                                                                                                                            | design_1_i/edgeDetection_0/U0/edgeDetection_v1_0_S00_AXI_inst/axi_awready_i_1_n_0                                                              |                4 |             12 |
|  design_1_i/clk_wiz_1/inst/clk_out1                            |                                                                                                                                                                                                            | design_1_i/edgeDetection3_0/U0/edgeDetection3_v1_0_S00_AXI_inst/axi_awready_i_1_n_0                                                            |                5 |             12 |
|  design_1_i/clk_wiz_1/inst/clk_out1                            |                                                                                                                                                                                                            | design_1_i/edgeDetection2_0/U0/edgeDetection2_v1_0_S00_AXI_inst/axi_awready_i_1_n_0                                                            |                4 |             12 |
|  design_1_i/clk_wiz_1/inst/clk_out1                            |                                                                                                                                                                                                            | design_1_i/edgeDetection4_0/U0/edgeDetection4_v1_0_S00_AXI_inst/axi_awready_i_1_n_0                                                            |                4 |             12 |
|  design_1_i/clk_wiz_1/inst/clk_out1                            |                                                                                                                                                                                                            | design_1_i/microblaze_0_axi_periph/xbar/inst/gen_sasd.crossbar_sasd_0/addr_arbiter_inst/SR[0]                                                  |                5 |             13 |
|  design_1_i/clk_wiz_1/inst/clk_out1                            | design_1_i/microblaze_0/U0/MicroBlaze_Core_I/Performance.Core/Decode_I/PreFetch_Buffer_I1/OF_Valid_DFF/Using_FPGA.Native_1[0]                                                                              | design_1_i/microblaze_0/U0/MicroBlaze_Core_I/sync_reset                                                                                        |                7 |             16 |
|  design_1_i/clk_wiz_1/inst/clk_out1                            | design_1_i/edgeDetection3_0/U0/edgeDetection3_v1_0_S00_AXI_inst/filter/enables_reg_n_0_[3]                                                                                                                 |                                                                                                                                                |                7 |             17 |
|  design_1_i/clk_wiz_1/inst/clk_out1                            | design_1_i/edgeDetection4_0/U0/edgeDetection4_v1_0_S00_AXI_inst/filter/enables_reg_n_0_[3]                                                                                                                 |                                                                                                                                                |                3 |             17 |
|  design_1_i/clk_wiz_1/inst/clk_out1                            | design_1_i/edgeDetection_0/U0/edgeDetection_v1_0_S00_AXI_inst/filter/ecc_clken                                                                                                                             | design_1_i/edgeDetection_0/U0/edgeDetection_v1_0_S00_AXI_inst/rst                                                                              |                6 |             18 |
|  design_1_i/clk_wiz_1/inst/clk_out1                            | design_1_i/edgeDetection2_0/U0/edgeDetection2_v1_0_S00_AXI_inst/filter/ecc_clken                                                                                                                           | design_1_i/edgeDetection2_0/U0/edgeDetection2_v1_0_S00_AXI_inst/rst                                                                            |                5 |             18 |
|  design_1_i/clk_wiz_1/inst/clk_out1                            | design_1_i/edgeDetection3_0/U0/edgeDetection3_v1_0_S00_AXI_inst/filter/ecc_clken                                                                                                                           | design_1_i/edgeDetection3_0/U0/edgeDetection3_v1_0_S00_AXI_inst/rst                                                                            |                4 |             18 |
|  design_1_i/clk_wiz_1/inst/clk_out1                            | design_1_i/edgeDetection4_0/U0/edgeDetection4_v1_0_S00_AXI_inst/filter/ecc_clken                                                                                                                           | design_1_i/edgeDetection4_0/U0/edgeDetection4_v1_0_S00_AXI_inst/rst                                                                            |                4 |             18 |
|  design_1_i/clk_wiz_1/inst/clk_out1                            | design_1_i/microblaze_0/U0/MicroBlaze_Core_I/Performance.Core/Decode_I/mem_wait_on_ready_N_carry_or/MUXCY_I/lopt_1                                                                                         | design_1_i/microblaze_0/U0/MicroBlaze_Core_I/sync_reset                                                                                        |                9 |             20 |
|  design_1_i/mdm_1/U0/No_Dbg_Reg_Access.BUFG_DRCK/Ext_JTAG_DRCK |                                                                                                                                                                                                            | design_1_i/mdm_1/U0/Use_E2.BSCAN_I/shift_n_reset1_out                                                                                          |                6 |             23 |
|  design_1_i/clk_wiz_1/inst/clk_out1                            | design_1_i/microblaze_0_axi_periph/xbar/inst/gen_sasd.crossbar_sasd_0/addr_arbiter_inst/p_0_in1_in                                                                                                         | design_1_i/microblaze_0_axi_periph/xbar/inst/gen_sasd.crossbar_sasd_0/addr_arbiter_inst/SR[0]                                                  |                5 |             23 |
|  design_1_i/clk_wiz_1/inst/clk_out1                            | design_1_i/edgeDetection3_0/U0/edgeDetection3_v1_0_S00_AXI_inst/slv_reg_rden                                                                                                                               | design_1_i/edgeDetection3_0/U0/edgeDetection3_v1_0_S00_AXI_inst/axi_awready_i_1_n_0                                                            |               12 |             32 |
|  design_1_i/clk_wiz_1/inst/clk_out1                            | design_1_i/edgeDetection3_0/U0/edgeDetection3_v1_0_S00_AXI_inst/filter/enables_reg_n_0_[4]                                                                                                                 |                                                                                                                                                |                8 |             32 |
|  design_1_i/clk_wiz_1/inst/clk_out1                            | design_1_i/edgeDetection3_0/U0/edgeDetection3_v1_0_S00_AXI_inst/filter/enables_reg_n_0_[1]                                                                                                                 |                                                                                                                                                |                9 |             32 |
|  design_1_i/clk_wiz_1/inst/clk_out1                            | design_1_i/microblaze_0/U0/MicroBlaze_Core_I/Performance.Core/Decode_I/PreFetch_Buffer_I1/Gen_Mux_Select_LUT6[2].Gen_Sel_DFF/if_fetch_in_progress_reg[0]                                                   | design_1_i/microblaze_0/U0/MicroBlaze_Core_I/sync_reset                                                                                        |               10 |             32 |
|  design_1_i/clk_wiz_1/inst/clk_out1                            | design_1_i/microblaze_0/U0/MicroBlaze_Core_I/Performance.Core/Decode_I/mem_wait_on_ready_N_carry_or/MUXCY_I/lopt_1                                                                                         | design_1_i/microblaze_0/U0/MicroBlaze_Core_I/Performance.Core/Decode_I/SR[0]                                                                   |               13 |             32 |
|  design_1_i/clk_wiz_1/inst/clk_out1                            | design_1_i/edgeDetection4_0/U0/edgeDetection4_v1_0_S00_AXI_inst/slv_reg_rden                                                                                                                               | design_1_i/edgeDetection4_0/U0/edgeDetection4_v1_0_S00_AXI_inst/axi_awready_i_1_n_0                                                            |               15 |             32 |
|  design_1_i/mdm_1/U0/No_Dbg_Reg_Access.BUFG_DRCK/Ext_JTAG_DRCK | design_1_i/microblaze_0/U0/MicroBlaze_Core_I/Performance.Core/Use_Debug_Logic.Master_Core.Debug_Perf/New_Dbg_Instr_TCK                                                                                     |                                                                                                                                                |                8 |             32 |
|  design_1_i/clk_wiz_1/inst/clk_out1                            | design_1_i/edgeDetection_0/U0/edgeDetection_v1_0_S00_AXI_inst/filter/enables_reg_n_0_[4]                                                                                                                   |                                                                                                                                                |                8 |             32 |
|  design_1_i/clk_wiz_1/inst/clk_out1                            | design_1_i/edgeDetection4_0/U0/edgeDetection4_v1_0_S00_AXI_inst/filter/enables_reg_n_0_[4]                                                                                                                 |                                                                                                                                                |                8 |             32 |
|  design_1_i/clk_wiz_1/inst/clk_out1                            | design_1_i/microblaze_0/U0/MicroBlaze_Core_I/Performance.Core/Decode_I/mem_wait_on_ready_N_carry_or/MUXCY_I/lopt_1                                                                                         |                                                                                                                                                |                6 |             32 |
|  design_1_i/clk_wiz_1/inst/clk_out1                            | design_1_i/microblaze_0/U0/MicroBlaze_Core_I/Performance.Core/Decode_I/Use_MuxCy[3].OF_Piperun_Stage/MUXCY_I/Using_FPGA.Native_0                                                                           | design_1_i/microblaze_0/U0/MicroBlaze_Core_I/Performance.Core/Decode_I/R                                                                       |               13 |             32 |
|  design_1_i/clk_wiz_1/inst/clk_out1                            | design_1_i/microblaze_0/U0/MicroBlaze_Core_I/Performance.Core/Decode_I/Use_MuxCy[3].OF_Piperun_Stage/MUXCY_I/wb_exception_kind_i_reg[28][0]                                                                | design_1_i/microblaze_0/U0/MicroBlaze_Core_I/sync_reset                                                                                        |                7 |             32 |
|  design_1_i/clk_wiz_1/inst/clk_out1                            | design_1_i/microblaze_0/U0/MicroBlaze_Core_I/Performance.Core/Use_Debug_Logic.Master_Core.Debug_Perf/data_rd_reg[0]_i_1_n_0                                                                                | design_1_i/microblaze_0/U0/MicroBlaze_Core_I/sync_reset                                                                                        |               11 |             32 |
|  design_1_i/clk_wiz_1/inst/clk_out1                            | design_1_i/microblaze_0_axi_periph/xbar/inst/gen_sasd.crossbar_sasd_0/addr_arbiter_inst/s_axi_rvalid[0]                                                                                                    | design_1_i/microblaze_0/U0/MicroBlaze_Core_I/sync_reset                                                                                        |               11 |             32 |
|  design_1_i/clk_wiz_1/inst/clk_out1                            | design_1_i/edgeDetection_0/U0/edgeDetection_v1_0_S00_AXI_inst/slv_reg_rden                                                                                                                                 | design_1_i/edgeDetection_0/U0/edgeDetection_v1_0_S00_AXI_inst/axi_awready_i_1_n_0                                                              |               12 |             32 |
|  design_1_i/clk_wiz_1/inst/clk_out1                            | design_1_i/edgeDetection2_0/U0/edgeDetection2_v1_0_S00_AXI_inst/filter/enables_reg_n_0_[4]                                                                                                                 |                                                                                                                                                |                8 |             32 |
|  design_1_i/clk_wiz_1/inst/clk_out1                            |                                                                                                                                                                                                            | design_1_i/microblaze_0/U0/MicroBlaze_Core_I/Performance.Core/p_1_out                                                                          |                9 |             32 |
|  design_1_i/clk_wiz_1/inst/clk_out1                            | design_1_i/edgeDetection2_0/U0/edgeDetection2_v1_0_S00_AXI_inst/slv_reg_rden                                                                                                                               | design_1_i/edgeDetection2_0/U0/edgeDetection2_v1_0_S00_AXI_inst/axi_awready_i_1_n_0                                                            |               16 |             32 |
|  design_1_i/clk_wiz_1/inst/clk_out1                            | design_1_i/microblaze_0_axi_periph/xbar/inst/gen_sasd.crossbar_sasd_0/addr_arbiter_inst/E[0]                                                                                                               |                                                                                                                                                |               11 |             33 |
|  design_1_i/clk_wiz_1/inst/clk_out1                            | design_1_i/edgeDetection2_0/U0/edgeDetection2_v1_0_S00_AXI_inst/filter/enables_reg_n_0_[3]                                                                                                                 |                                                                                                                                                |               12 |             34 |
|  design_1_i/clk_wiz_1/inst/clk_out1                            | design_1_i/edgeDetection_0/U0/edgeDetection_v1_0_S00_AXI_inst/filter/enables_reg_n_0_[3]                                                                                                                   |                                                                                                                                                |               12 |             34 |
|  design_1_i/mdm_1/U0/No_Dbg_Reg_Access.BUFG_DRCK/Ext_JTAG_DRCK | design_1_i/mdm_1/U0/Use_E2.BSCAN_I/Use_BSCAN.PORT_Selector_reg[0]                                                                                                                                          |                                                                                                                                                |               15 |             47 |
|  design_1_i/clk_wiz_1/inst/clk_out1                            | design_1_i/edgeDetection_0/U0/edgeDetection_v1_0_S00_AXI_inst/filter/enables_reg_n_0_[1]                                                                                                                   |                                                                                                                                                |               24 |             64 |
|  design_1_i/clk_wiz_1/inst/clk_out1                            | design_1_i/microblaze_0/U0/MicroBlaze_Core_I/Performance.Core/Decode_I/PreFetch_Buffer_I1/Instruction_Prefetch_Mux[42].Instr_Mux_MUXF7/IReady_0                                                            |                                                                                                                                                |               10 |             75 |
|  design_1_i/mdm_1/U0/No_Dbg_Reg_Access.BUFG_DRCK/Ext_JTAG_DRCK |                                                                                                                                                                                                            |                                                                                                                                                |               31 |             80 |
|  design_1_i/clk_wiz_1/inst/clk_out1                            | design_1_i/microblaze_0/U0/MicroBlaze_Core_I/Performance.Core/Decode_I/Use_MuxCy[3].OF_Piperun_Stage/MUXCY_I/Using_FPGA.Native_0                                                                           | design_1_i/microblaze_0/U0/MicroBlaze_Core_I/sync_reset                                                                                        |               28 |             83 |
|  design_1_i/clk_wiz_1/inst/clk_out1                            | design_1_i/edgeDetection_0/U0/edgeDetection_v1_0_S00_AXI_inst/filter/aclken                                                                                                                                |                                                                                                                                                |               30 |            103 |
|  design_1_i/clk_wiz_1/inst/clk_out1                            | design_1_i/edgeDetection2_0/U0/edgeDetection2_v1_0_S00_AXI_inst/filter/aclken                                                                                                                              |                                                                                                                                                |               32 |            103 |
|  design_1_i/clk_wiz_1/inst/clk_out1                            | design_1_i/edgeDetection3_0/U0/edgeDetection3_v1_0_S00_AXI_inst/filter/aclken                                                                                                                              |                                                                                                                                                |               38 |            103 |
|  design_1_i/clk_wiz_1/inst/clk_out1                            | design_1_i/edgeDetection4_0/U0/edgeDetection4_v1_0_S00_AXI_inst/filter/aclken                                                                                                                              |                                                                                                                                                |               36 |            103 |
|  design_1_i/clk_wiz_1/inst/clk_out1                            | design_1_i/microblaze_0/U0/MicroBlaze_Core_I/Performance.Core/Decode_I/Performance_Debug_Control.dbg_state_nohalt_reg[34]                                                                                  |                                                                                                                                                |               16 |            128 |
|  design_1_i/clk_wiz_1/inst/clk_out1                            | design_1_i/edgeDetection4_0/U0/edgeDetection4_v1_0_S00_AXI_inst/filter/enables_reg_n_0_[1]                                                                                                                 |                                                                                                                                                |               31 |            130 |
|  design_1_i/clk_wiz_1/inst/clk_out1                            |                                                                                                                                                                                                            | design_1_i/microblaze_0/U0/MicroBlaze_Core_I/sync_reset                                                                                        |               65 |            149 |
|  design_1_i/clk_wiz_1/inst/clk_out1                            | design_1_i/edgeDetection2_0/U0/edgeDetection2_v1_0_S00_AXI_inst/filter/enables_reg_n_0_[1]                                                                                                                 |                                                                                                                                                |               53 |            175 |
|  design_1_i/clk_wiz_1/inst/clk_out1                            | design_1_i/microblaze_0/U0/MicroBlaze_Core_I/Performance.Core/Decode_I/Use_MuxCy[11].OF_Piperun_Stage/MUXCY_I/of_pause_reg                                                                                 | design_1_i/microblaze_0/U0/MicroBlaze_Core_I/sync_reset                                                                                        |               80 |            218 |
|  design_1_i/clk_wiz_1/inst/clk_out1                            |                                                                                                                                                                                                            |                                                                                                                                                |              218 |            702 |
+----------------------------------------------------------------+------------------------------------------------------------------------------------------------------------------------------------------------------------------------------------------------------------+------------------------------------------------------------------------------------------------------------------------------------------------+------------------+----------------+


